<?xml version="1.0" encoding="UTF-8"?>
<!-- Generated by org.testng.reporters.JUnitReportReporter -->
<testsuite skipped="0" hostname="LAPTOP-NC0KKTHF" name="com.nec.testcases.LoginTest" tests="1" failures="0" timestamp="31 Aug 2020 12:54:21 GMT" time="3.249" errors="0">
  <testcase name="loginAsBankManager" time="3.249" classname="com.nec.testcases.LoginTest"/>
</testsuite> <!-- com.nec.testcases.LoginTest -->
