<?xml version="1.0" encoding="UTF-8"?>
<!-- Generated by org.testng.reporters.JUnitReportReporter -->
<testsuite skipped="0" hostname="LAPTOP-NC0KKTHF" name="com.nec.testcases.BankManagerLoginTest" tests="1" failures="0" timestamp="13 Sep 2020 08:46:36 GMT" time="0.258" errors="0">
  <testcase name="loginAsBankManager" time="0.258" classname="com.nec.testcases.BankManagerLoginTest"/>
</testsuite> <!-- com.nec.testcases.BankManagerLoginTest -->
